\BOOKMARK [1][]{section.1}{\376\377\0001\000\040\000\332\000v\000o\000d}{}% 1
\BOOKMARK [2][]{subsection.1.1}{\376\377\0001\000.\0001\000\040\000R\000e\001\141\000e\000r\001\141\000\040\000l\000i\000t\000e\000r\000a\000t\000\372\000r\000y}{section.1}% 2
\BOOKMARK [1][]{section.2}{\376\377\0002\000\040\000P\000o\000z\000n\000\341\000m\000k\000y}{}% 3
\BOOKMARK [2][]{subsection.2.1}{\376\377\0002\000.\0001\000\040\000T\000r\000a\000n\000s\000f\000o\000r\000m\000a\000c\000e}{section.2}% 4
\BOOKMARK [2][]{subsection.2.2}{\376\377\0002\000.\0002\000\040\000T\000r\000a\000n\000s\000l\000a\000c\000e}{section.2}% 5
\BOOKMARK [2][]{subsection.2.3}{\376\377\0002\000.\0003\000\040\000T\000r\000a\000n\000s\000f\000o\000r\000m\000a\000c\000e\000\040\000k\000o\000v\000a\000r\000i\000a\000n\001\015\000n\000\355\000c\000h\000\040\000m\000a\000t\000\355\000c}{section.2}% 6
\BOOKMARK [2][]{subsection.2.4}{\376\377\0002\000.\0004\000\040\000S\000\372\000r\000a\000d\000n\000i\000c\000o\000v\000\351\000\040\000s\000y\000s\000t\000\351\000m\000y}{section.2}% 7
\BOOKMARK [1][]{section.3}{\376\377\0003\000\040\000T\000r\000a\000n\000s\000f\000o\000r\000m\000a\000c\000e\000\040\000s\000o\000u\001\131\000a\000d\000n\000\355\000c\000\040\000a\000\040\000j\000e\000j\000\355\000c\000h\000\040\000k\000o\000v\000a\000r\000i\000a\000n\001\015\000n\000\355\000c\000h\000\040\000m\000a\000t\000\355\000c\000\040\000m\000e\000d\000z\000i\000\040\000v\000y\000b\000r\000a\000n\000\375\000m\000i\000\040\000s\000o\000u\001\131\000a\000d\000n\000i\000c\000o\000v\000\375\000m\000i\000\040\000s\000o\000u\000s\000t\000a\000v\000a\000m\000i}{}% 8
\BOOKMARK [2][]{subsection.3.1}{\376\377\0003\000.\0001\000\040\000E\000C\000E\000F\000\040\000\040\000E\000N\000U}{section.3}% 9
\BOOKMARK [2][]{subsection.3.2}{\376\377\0003\000.\0002\000\040\000E\000N\000U\000\040\000\040\000E\000C\000E\000F}{section.3}% 10
\BOOKMARK [2][]{subsection.3.3}{\376\377\0003\000.\0003\000\040\000G\000E\000O\000D\000\040\000\040\000E\000C\000E\000F}{section.3}% 11
\BOOKMARK [2][]{subsection.3.4}{\376\377\0003\000.\0004\000\040\000E\000C\000E\000F\000\040\000\040\000G\000E\000O\000D}{section.3}% 12
\BOOKMARK [2][]{subsection.3.5}{\376\377\0003\000.\0005\000\040\000E\000N\000U\000\040\000\040\000A\000E\000S}{section.3}% 13
\BOOKMARK [2][]{subsection.3.6}{\376\377\0003\000.\0006\000\040\000A\000E\000S\000\040\000\040\000E\000N\000U}{section.3}% 14
\BOOKMARK [1][]{section.4}{\376\377\0004\000\040\000V\000y\000b\000r\000a\000n\000\351\000\040\000k\000a\000r\000t\000o\000g\000r\000a\000f\000i\000c\000k\000\351\000\040\000z\000o\000b\000r\000a\000z\000e\000n\000\355}{}% 15
\BOOKMARK [2][]{subsection.4.1}{\376\377\0004\000.\0001\000\040\000D\000e\000f\000i\000n\000i\000c\000e\000\040\000a\000\040\000n\001\033\000k\000t\000e\000r\000\351\000\040\000v\000l\000a\000s\000t\000n\000o\000s\000t\000i\000\040\000v\000y\000b\000r\000a\000n\000\375\000c\000h\000\040\000k\000a\000r\000t\000o\000g\000r\000a\000f\000i\000c\000k\000\351\000h\000o\000\040\000z\000o\000b\000r\000a\000z\000e\000n\000\355}{section.4}% 16
\BOOKMARK [2][]{subsection.4.2}{\376\377\0004\000.\0002\000\040\000P\000o\000z\000n\000\341\000m\000k\000y\000\040\000k\000\040\000v\000a\000l\000c\000o\000v\000\375\000m\000\040\000z\000o\000b\000r\000a\000z\000e\000n\000\355\000m}{section.4}% 17
\BOOKMARK [2][]{subsection.4.3}{\376\377\0004\000.\0003\000\040\000G\000E\000O\000D\000\040\000U\000T\000M}{section.4}% 18
\BOOKMARK [2][]{subsection.4.4}{\376\377\0004\000.\0004\000\040\000U\000T\000M\000\040\000\040\000G\000E\000O\000D}{section.4}% 19
\BOOKMARK [2][]{subsection.4.5}{\376\377\0004\000.\0005\000\040\000P\000o\000z\000n\000\341\000m\000k\000y\000\040\000k\000\040\000a\000z\000i\000m\000u\000t\000\341\000l\000n\000\355\000m\000\040\000z\000o\000b\000r\000a\000z\000e\000n\000\355\000m}{section.4}% 20
\BOOKMARK [2][]{subsection.4.6}{\376\377\0004\000.\0006\000\040\000G\000E\000O\000D\000\040\000\040\000S\000T\000E\000R\000E\000O}{section.4}% 21
\BOOKMARK [2][]{subsection.4.7}{\376\377\0004\000.\0007\000\040\000S\000T\000E\000R\000E\000O\000\040\000\040\000G\000E\000O\000D}{section.4}% 22
\BOOKMARK [1][]{section*.12}{\376\377\000A\000p\000p\000e\000n\000d\000i\000c\000e\000s}{}% 23
\BOOKMARK [1][]{appendix.1.A}{\376\377\000A\000\040\000Z\000\341\000k\000l\000a\000d\000n\000\355\000\040\000p\000a\000r\000a\000m\000e\000t\000r\000y\000\040\000z\000e\000m\000s\000k\000\351\000h\000o\000\040\000e\000l\000i\000p\000s\000o\000i\000d\000u}{}% 24
\BOOKMARK [1][]{appendix.1.B}{\376\377\000B\000\040\000K\000o\000n\000s\000t\000a\000n\000t\000y\000\040\000z\000\341\000k\000l\000a\000d\000n\000\355\000c\000h\000\040\000r\000e\000f\000e\000r\000e\000n\001\015\000n\000\355\000c\000h\000\040\000e\000l\000i\000p\000s\000o\000i\000d\001\157}{}% 25
\BOOKMARK [2][]{subsection.1.B.1}{\376\377\000B\000.\0001\000\040\000W\000o\000r\000l\000d\000\040\000G\000e\000o\000d\000e\000t\000i\000c\000\040\000S\000y\000s\000t\000e\000m\000\040\0001\0009\0008\0004\000\040\000\050\000W\000G\000S\0008\0004\000\051}{appendix.1.B}% 26
\BOOKMARK [2][]{subsection.1.B.2}{\376\377\000B\000.\0002\000\040\000G\000e\000o\000d\000e\000t\000i\000c\000\040\000R\000e\000f\000e\000r\000e\000n\000c\000e\000\040\000S\000y\000s\000t\000e\000m\000\040\0001\0009\0008\0000\000\040\000\050\000G\000R\000S\0008\0000\000\051}{appendix.1.B}% 27
\BOOKMARK [2][]{subsection.1.B.3}{\376\377\000B\000.\0003\000\040\000K\000o\000n\000s\000t\000a\000n\000t\000y\000\040\000K\000r\000a\000s\000o\000v\000s\000k\000\351\000h\000o\000\040\000e\000l\000i\000p\000s\000o\000i\000d\000u}{appendix.1.B}% 28
\BOOKMARK [1][]{appendix.1.C}{\376\377\000C\000\040\000P\000s\000e\000u\000d\000o\000k\000\363\000d\000y\000\040\000i\000m\000p\000l\000e\000m\000e\000n\000t\000o\000v\000a\000n\000\375\000c\000h\000\040\000t\000r\000a\000n\000s\000f\000o\000r\000m\000\341\000c\000i\000i\000\040\000v\000\040\000M\000a\000t\000l\000a\000b\000\040\000p\000a\000c\000k\000a\000g\000e\000\040\000+\000G\000e\000o}{}% 29
\BOOKMARK [2][]{subsection.1.C.1}{\376\377\000C\000.\0001\000\040\000E\000C\000E\000F\0002\000E\000N\000U}{appendix.1.C}% 30
\BOOKMARK [2][]{subsection.1.C.2}{\376\377\000C\000.\0002\000\040\000E\000N\000U\0002\000E\000C\000E\000F}{appendix.1.C}% 31
\BOOKMARK [2][]{subsection.1.C.3}{\376\377\000C\000.\0003\000\040\000G\000E\000O\000D\0002\000E\000C\000E\000F}{appendix.1.C}% 32
\BOOKMARK [2][]{subsection.1.C.4}{\376\377\000C\000.\0004\000\040\000E\000C\000E\000F\0002\000G\000E\000O\000D}{appendix.1.C}% 33
\BOOKMARK [1][]{appendix.1.D}{\376\377\000D\000\040\000S\000m\000e\000r\000o\000v\000\351\000\040\000k\000o\000s\000\355\000n\000y}{}% 34
\BOOKMARK [1][]{appendix.1.E}{\376\377\000E\000\040\000E\000l\000i\000p\000s\000a\000\040\000c\000h\000\375\000b\000\040\000a\000\040\000H\000e\000l\000m\000e\000r\000t\000o\000v\000\341\000\040\000k\000r\000i\000v\000k\000a}{}% 35
\BOOKMARK [2][]{subsection.1.E.1}{\376\377\000E\000.\0001\000\040\000P\000r\000\355\000k\000l\000a\000d\000\040\000z\000o\000b\000r\000a\000z\000e\000n\000i\000a\000\040\000e\000l\000i\000p\000s\000y\000\040\000c\000h\000\375\000b\000\040\000a\000\040\000H\000e\000l\000m\000e\000r\000t\000o\000v\000e\000j\000\040\000k\000r\000i\000v\000k\000y}{appendix.1.E}% 36
\BOOKMARK [1][]{appendix.1.F}{\376\377\000F\000\040\000V\000l\000a\000s\000t\000n\000\351\000\040\001\015\000\355\000s\000l\000a\000\040\000a\000\040\000v\000l\000a\000s\000t\000n\000\351\000\040\000v\000e\000k\000t\000o\000r\000y}{}% 37
\BOOKMARK [2][]{subsection.1.F.1}{\376\377\000F\000.\0001\000\040\000S\000p\000e\000k\000t\000r\000\341\000l\000n\000y\000\040\000r\000o\000z\000k\000l\000a\000d\000\040\001\141\000t\000v\000o\000r\000c\000o\000v\000e\000j\000\040\000m\000a\000t\000i\000c\000e}{appendix.1.F}% 38
\BOOKMARK [2][]{subsection.1.F.2}{\376\377\000F\000.\0002\000\040\000N\000\341\000v\000r\000h\000\040\000o\000d\000v\000o\000d\000e\000n\000i\000a\000\040\000p\000r\000v\000k\000o\000v\000\040\000e\000l\000i\000p\000s\000y\000\040\000c\000h\000\375\000b\000\040\000z\000a\000\040\000p\000o\000m\000o\000c\000i\000\040\000s\000p\000e\000k\000t\000r\000\341\000l\000n\000e\000h\000o\000\040\000r\000o\000z\000k\000l\000a\000d\000u\000\040\001\141\000t\000v\000o\000r\000c\000o\000v\000e\000j\000\040\000m\000a\000t\000i\000c\000e}{appendix.1.F}% 39
\BOOKMARK [1][]{appendix.1.G}{\376\377\000G\000\040\000Z\000\341\000k\000o\000n\000\040\000h\000r\000o\000m\000a\000d\000e\000n\000i\000a\000\040\000c\000h\000\375\000b\000\040\000-\000\040\000P\000r\000o\000p\000a\000g\000a\000t\000i\000o\000n\000\040\000l\000o\000w}{}% 40
\BOOKMARK [1][]{appendix.1.H}{\376\377\000H\000\040\000Z\000o\000b\000r\000a\000z\000e\000n\000\355\000\040\000e\000l\000i\000p\000s\000o\000i\000d\000u\000\040\000n\000a\000\040\000k\000o\000u\000l\000i\000\040\000z\000a\000\040\000p\000o\000d\000m\000\355\000n\000k\000y\000\040\000z\000a\000c\000h\000o\000v\000\341\000n\000\355\000\040\000\372\000h\000l\001\157\000\040\000\050\000k\000o\000n\000f\000o\000r\000m\000n\000\355\000\040\000z\000o\000b\000r\000a\000z\000e\000n\000\355\000\051}{}% 41
\BOOKMARK [1][]{appendix.1.I}{\376\377\000I\000\040\000M\000e\000r\000i\000d\000\341\000n\000o\000v\000\341\000\040\000k\000o\000n\000v\000e\000r\000g\000e\000n\000c\000e\000\040\000-\000\040\000p\000o\000z\000n\000\341\000m\000k\000y}{}% 42
